d:\rtps\rtpsv0.5\rtps\x64\debug\logger.obj
d:\rtps\rtpsv0.5\rtps\x64\debug\main.obj
d:\rtps\rtpsv0.5\rtps\x64\debug\mainwindow.obj
d:\rtps\rtpsv0.5\rtps\x64\debug\imageviewer.obj
d:\rtps\rtpsv0.5\rtps\x64\debug\moc_mainwindow.obj
d:\rtps\rtpsv0.5\rtps\x64\debug\moc_imageviewer.obj
d:\rtps\rtpsv0.5\rtps\x64\debug\imagelistwidget.obj
d:\rtps\rtpsv0.5\rtps\x64\debug\moc_imagelistwidget.obj
d:\rtps\rtpsv0.5\rtps\x64\debug\qrc_resource.obj
d:\rtps\rtpsv0.5\rtps\x64\debug\moc_receiver.obj
d:\rtps\rtpsv0.5\rtps\x64\debug\receiver.obj
d:\rtps\rtpsv0.5\rtps\x64\debug\ui.obj
d:\rtps\rtpsv0.5\rtps\x64\debug\moc_ui.obj
d:\rtps\rtpsv0.5\rtps\x64\debug\vc143.pdb
d:\rtps\rtpsv0.5\build\x64\debug\rtps.lib
d:\rtps\rtpsv0.5\build\x64\debug\rtps.exp
d:\rtps\rtpsv0.5\build\x64\debug\rtps.ilk
d:\rtps\rtpsv0.5\build\x64\debug\rtps.exe
d:\rtps\rtpsv0.5\build\x64\debug\rtps.pdb
d:\rtps\rtpsv0.5\rtps\x64\debug\moc\moc_ui.cpp
d:\rtps\rtpsv0.5\rtps\x64\debug\moc\moc_receiver.cpp
d:\rtps\rtpsv0.5\rtps\x64\debug\moc\moc_imagelistwidget.cpp
d:\rtps\rtpsv0.5\rtps\x64\debug\moc\moc_imageviewer.cpp
d:\rtps\rtpsv0.5\rtps\x64\debug\moc\moc_mainwindow.cpp
d:\rtps\rtpsv0.5\rtps\x64\debug\rcc\qrc_resource.cpp
d:\rtps\rtpsv0.5\build\x64\debug\qt5widgets.dll
d:\rtps\rtpsv0.5\build\x64\debug\qt5gui.dll
d:\rtps\rtpsv0.5\build\x64\debug\plugins\platforms\qwindows.dll
d:\rtps\rtpsv0.5\build\x64\debug\plugins\imageformats\qgif.dll
d:\rtps\rtpsv0.5\build\x64\debug\qt5core.dll
d:\rtps\rtpsv0.5\build\x64\debug\zlib1.dll
d:\rtps\rtpsv0.5\build\x64\debug\double-conversion.dll
d:\rtps\rtpsv0.5\build\x64\debug\icuin72.dll
d:\rtps\rtpsv0.5\build\x64\debug\icuuc72.dll
d:\rtps\rtpsv0.5\build\x64\debug\icudt72.dll
d:\rtps\rtpsv0.5\build\x64\debug\pcre2-16.dll
d:\rtps\rtpsv0.5\build\x64\debug\zstd.dll
d:\rtps\rtpsv0.5\build\x64\debug\plugins\imageformats\qicns.dll
d:\rtps\rtpsv0.5\build\x64\debug\plugins\imageformats\qico.dll
d:\rtps\rtpsv0.5\build\x64\debug\plugins\imageformats\qjp2.dll
d:\rtps\rtpsv0.5\build\x64\debug\jasper.dll
d:\rtps\rtpsv0.5\build\x64\debug\jpeg62.dll
d:\rtps\rtpsv0.5\build\x64\debug\plugins\imageformats\qjpeg.dll
d:\rtps\rtpsv0.5\build\x64\debug\plugins\imageformats\qpdf.dll
d:\rtps\rtpsv0.5\build\x64\debug\qt5pdf.dll
d:\rtps\rtpsv0.5\build\x64\debug\qt5network.dll
d:\rtps\rtpsv0.5\build\x64\debug\plugins\bearer\qgenericbearer.dll
d:\rtps\rtpsv0.5\build\x64\debug\libcrypto-*-x64.dll
d:\rtps\rtpsv0.5\build\x64\debug\libssl-*-x64.dll
d:\rtps\rtpsv0.5\build\x64\debug\libcrypto-*.dll
d:\rtps\rtpsv0.5\build\x64\debug\libssl-*.dll
d:\rtps\rtpsv0.5\build\x64\debug\libssl-3-x64.dll
d:\rtps\rtpsv0.5\build\x64\debug\libcrypto-3-x64.dll
d:\rtps\rtpsv0.5\build\x64\debug\plugins\imageformats\qsvg.dll
d:\rtps\rtpsv0.5\build\x64\debug\qt5svg.dll
d:\rtps\rtpsv0.5\build\x64\debug\plugins\imageformats\qtga.dll
d:\rtps\rtpsv0.5\build\x64\debug\plugins\imageformats\qtiff.dll
d:\rtps\rtpsv0.5\build\x64\debug\tiff.dll
d:\rtps\rtpsv0.5\build\x64\debug\liblzma.dll
d:\rtps\rtpsv0.5\build\x64\debug\plugins\imageformats\qwbmp.dll
d:\rtps\rtpsv0.5\build\x64\debug\plugins\imageformats\qwebp.dll
d:\rtps\rtpsv0.5\build\x64\debug\libwebpdemux.dll
d:\rtps\rtpsv0.5\build\x64\debug\libwebp.dll
d:\rtps\rtpsv0.5\build\x64\debug\libsharpyuv.dll
d:\rtps\rtpsv0.5\build\x64\debug\libwebpmux.dll
d:\rtps\rtpsv0.5\build\x64\debug\plugins\iconengines\qsvgicon.dll
d:\rtps\rtpsv0.5\build\x64\debug\plugins\platforminputcontexts\qtvirtualkeyboardplugin.dll
d:\rtps\rtpsv0.5\build\x64\debug\qt5virtualkeyboard.dll
d:\rtps\rtpsv0.5\build\x64\debug\qt5quick.dll
d:\rtps\rtpsv0.5\build\x64\debug\qt5quickcontrols2.dll
d:\rtps\rtpsv0.5\build\x64\debug\qt5quickshapes.dll
d:\rtps\rtpsv0.5\build\x64\debug\qt5quicktemplates2.dll
d:\rtps\rtpsv0.5\build\x64\debug\qt5qmlworkerscript.dll
d:\rtps\rtpsv0.5\build\x64\debug\qt5quickparticles.dll
d:\rtps\rtpsv0.5\build\x64\debug\qt5quickwidgets.dll
d:\rtps\rtpsv0.5\build\x64\debug\plugins\scenegraph\qsgd3d12backend.dll
d:\rtps\rtpsv0.5\build\x64\debug\qt5qml.dll
d:\rtps\rtpsv0.5\build\x64\debug\qt5qmlmodels.dll
d:\rtps\rtpsv0.5\build\x64\debug\plugins\qmltooling\qmldbg_debugger.dll
d:\rtps\rtpsv0.5\build\x64\debug\plugins\qmltooling\qmldbg_inspector.dll
d:\rtps\rtpsv0.5\build\x64\debug\plugins\qmltooling\qmldbg_local.dll
d:\rtps\rtpsv0.5\build\x64\debug\plugins\qmltooling\qmldbg_messages.dll
d:\rtps\rtpsv0.5\build\x64\debug\plugins\qmltooling\qmldbg_native.dll
d:\rtps\rtpsv0.5\build\x64\debug\plugins\qmltooling\qmldbg_nativedebugger.dll
d:\rtps\rtpsv0.5\build\x64\debug\plugins\qmltooling\qmldbg_preview.dll
d:\rtps\rtpsv0.5\build\x64\debug\plugins\qmltooling\qmldbg_profiler.dll
d:\rtps\rtpsv0.5\build\x64\debug\plugins\qmltooling\qmldbg_quickprofiler.dll
d:\rtps\rtpsv0.5\build\x64\debug\plugins\qmltooling\qmldbg_server.dll
d:\rtps\rtpsv0.5\build\x64\debug\plugins\qmltooling\qmldbg_tcp.dll
d:\rtps\rtpsv0.5\build\x64\debug\plugins\styles\qwindowsvistastyle.dll
d:\rtps\rtpsv0.5\build\x64\debug\libpng16.dll
d:\rtps\rtpsv0.5\build\x64\debug\harfbuzz.dll
d:\rtps\rtpsv0.5\build\x64\debug\freetype.dll
d:\rtps\rtpsv0.5\build\x64\debug\bz2.dll
d:\rtps\rtpsv0.5\build\x64\debug\brotlidec.dll
d:\rtps\rtpsv0.5\build\x64\debug\brotlicommon.dll
d:\rtps\rtpsv0.5\build\x64\debug\boost_filesystem-vc143-mt-x64-1_82.dll
d:\rtps\rtpsv0.5\build\x64\debug\boost_program_options-vc143-mt-x64-1_82.dll
d:\rtps\rtpsv0.5\build\x64\debug\ceres.dll
d:\rtps\rtpsv0.5\build\x64\debug\glog.dll
d:\rtps\rtpsv0.5\build\x64\debug\gflags.dll
d:\rtps\rtpsv0.5\build\x64\debug\libspqr.dll
d:\rtps\rtpsv0.5\build\x64\debug\libcholmod.dll
d:\rtps\rtpsv0.5\build\x64\debug\libamd.dll
d:\rtps\rtpsv0.5\build\x64\debug\libcamd.dll
d:\rtps\rtpsv0.5\build\x64\debug\libcolamd.dll
d:\rtps\rtpsv0.5\build\x64\debug\libccolamd.dll
d:\rtps\rtpsv0.5\build\x64\debug\liblapack.dll
d:\rtps\rtpsv0.5\build\x64\debug\libgcc_s_seh-1.dll
d:\rtps\rtpsv0.5\build\x64\debug\libwinpthread-1.dll
d:\rtps\rtpsv0.5\build\x64\debug\libgfortran-5.dll
d:\rtps\rtpsv0.5\build\x64\debug\libquadmath-0.dll
d:\rtps\rtpsv0.5\build\x64\debug\openblas.dll
d:\rtps\rtpsv0.5\build\x64\debug\libcxsparse.dll
d:\rtps\rtpsv0.5\build\x64\debug\freeimage.dll
d:\rtps\rtpsv0.5\build\x64\debug\openjp2.dll
d:\rtps\rtpsv0.5\build\x64\debug\libwebpdecoder.dll
d:\rtps\rtpsv0.5\build\x64\debug\raw.dll
d:\rtps\rtpsv0.5\build\x64\debug\lcms2.dll
d:\rtps\rtpsv0.5\build\x64\debug\openexr-3_1.dll
d:\rtps\rtpsv0.5\build\x64\debug\imath-3_1.dll
d:\rtps\rtpsv0.5\build\x64\debug\ilmthread-3_1.dll
d:\rtps\rtpsv0.5\build\x64\debug\iex-3_1.dll
d:\rtps\rtpsv0.5\build\x64\debug\glew32.dll
d:\rtps\rtpsv0.5\build\x64\debug\lz4.dll
d:\rtps\rtpsv0.5\build\x64\debug\sqlite3.dll
d:\rtps\rtpsv0.5\rtps\x64\debug\nativecodeanalysis.read.1.tlog
d:\rtps\rtpsv0.5\rtps\x64\debug\logger.nativecodeanalysis.xml
d:\rtps\rtpsv0.5\rtps\x64\debug\main.nativecodeanalysis.xml
d:\rtps\rtpsv0.5\rtps\x64\debug\mainwindow.nativecodeanalysis.xml
d:\rtps\rtpsv0.5\rtps\x64\debug\moc_mainwindow.nativecodeanalysis.xml
d:\rtps\rtpsv0.5\rtps\x64\debug\vc.nativecodeanalysis.all.xml
d:\rtps\rtpsv0.5\rtps\x64\debug\rtps.tlog\cl.command.1.tlog
d:\rtps\rtpsv0.5\rtps\x64\debug\rtps.tlog\cl.read.1.tlog
d:\rtps\rtpsv0.5\rtps\x64\debug\rtps.tlog\cl.write.1.tlog
d:\rtps\rtpsv0.5\rtps\x64\debug\rtps.tlog\link.command.1.tlog
d:\rtps\rtpsv0.5\rtps\x64\debug\rtps.tlog\link.read.1.tlog
d:\rtps\rtpsv0.5\rtps\x64\debug\rtps.tlog\link.write.1.tlog
d:\rtps\rtpsv0.5\rtps\x64\debug\rtps.tlog\link.write.2u.tlog
d:\rtps\rtpsv0.5\rtps\x64\debug\rtps.tlog\moc.read.1u.tlog
d:\rtps\rtpsv0.5\rtps\x64\debug\rtps.tlog\moc.write.1u.tlog
d:\rtps\rtpsv0.5\rtps\x64\debug\rtps.tlog\rcc.read.1u.tlog
d:\rtps\rtpsv0.5\rtps\x64\debug\rtps.tlog\rcc.write.1u.tlog
d:\rtps\rtpsv0.5\rtps\x64\debug\rtps.tlog\rtps.write.1u.tlog
