
D:\RTPS\RTPSv0.5\build\x64\Debug\boost_filesystem-vc143-mt-x64-1_82.dll
D:\RTPS\RTPSv0.5\build\x64\Debug\boost_program_options-vc143-mt-x64-1_82.dll
D:\RTPS\RTPSv0.5\build\x64\Debug\ceres.dll
D:\RTPS\RTPSv0.5\build\x64\Debug\glog.dll
D:\RTPS\RTPSv0.5\build\x64\Debug\gflags.dll
D:\RTPS\RTPSv0.5\build\x64\Debug\libspqr.dll
D:\RTPS\RTPSv0.5\build\x64\Debug\libcholmod.dll
D:\RTPS\RTPSv0.5\build\x64\Debug\libamd.dll
D:\RTPS\RTPSv0.5\build\x64\Debug\libcamd.dll
D:\RTPS\RTPSv0.5\build\x64\Debug\libcolamd.dll
D:\RTPS\RTPSv0.5\build\x64\Debug\libccolamd.dll
D:\RTPS\RTPSv0.5\build\x64\Debug\liblapack.dll
D:\RTPS\RTPSv0.5\build\x64\Debug\libgcc_s_seh-1.dll
D:\RTPS\RTPSv0.5\build\x64\Debug\libwinpthread-1.dll
D:\RTPS\RTPSv0.5\build\x64\Debug\libgfortran-5.dll
D:\RTPS\RTPSv0.5\build\x64\Debug\libquadmath-0.dll
D:\RTPS\RTPSv0.5\build\x64\Debug\openblas.dll
D:\RTPS\RTPSv0.5\build\x64\Debug\libcxsparse.dll
D:\RTPS\RTPSv0.5\build\x64\Debug\FreeImage.dll
D:\RTPS\RTPSv0.5\build\x64\Debug\zlib1.dll
D:\RTPS\RTPSv0.5\build\x64\Debug\jpeg62.dll
D:\RTPS\RTPSv0.5\build\x64\Debug\tiff.dll
D:\RTPS\RTPSv0.5\build\x64\Debug\liblzma.dll
D:\RTPS\RTPSv0.5\build\x64\Debug\libpng16.dll
D:\RTPS\RTPSv0.5\build\x64\Debug\openjp2.dll
D:\RTPS\RTPSv0.5\build\x64\Debug\libwebpmux.dll
D:\RTPS\RTPSv0.5\build\x64\Debug\libwebp.dll
D:\RTPS\RTPSv0.5\build\x64\Debug\libsharpyuv.dll
D:\RTPS\RTPSv0.5\build\x64\Debug\libwebpdecoder.dll
D:\RTPS\RTPSv0.5\build\x64\Debug\raw.dll
D:\RTPS\RTPSv0.5\build\x64\Debug\lcms2.dll
D:\RTPS\RTPSv0.5\build\x64\Debug\OpenEXR-3_1.dll
D:\RTPS\RTPSv0.5\build\x64\Debug\Imath-3_1.dll
D:\RTPS\RTPSv0.5\build\x64\Debug\IlmThread-3_1.dll
D:\RTPS\RTPSv0.5\build\x64\Debug\Iex-3_1.dll
D:\RTPS\RTPSv0.5\build\x64\Debug\glew32.dll
D:\RTPS\RTPSv0.5\build\x64\Debug\lz4.dll
D:\RTPS\RTPSv0.5\build\x64\Debug\sqlite3.dll
