d:\rtps\rtpsv0.5\rtps\x64\release\moc_mainwindow.obj
d:\rtps\rtpsv0.5\rtps\x64\release\moc_imageviewer.obj
d:\rtps\rtpsv0.5\rtps\x64\release\moc_receiver.obj
d:\rtps\rtpsv0.5\rtps\x64\release\qrc_resource.obj
d:\rtps\rtpsv0.5\rtps\x64\release\moc_ui.obj
d:\rtps\rtpsv0.5\rtps\x64\release\moc_imagelistwidget.obj
d:\rtps\rtpsv0.5\rtps\x64\release\receiver.obj
d:\rtps\rtpsv0.5\rtps\x64\release\main.obj
d:\rtps\rtpsv0.5\rtps\x64\release\ui.obj
d:\rtps\rtpsv0.5\rtps\x64\release\logger.obj
d:\rtps\rtpsv0.5\rtps\x64\release\imageviewer.obj
d:\rtps\rtpsv0.5\rtps\x64\release\imagelistwidget.obj
d:\rtps\rtpsv0.5\rtps\x64\release\mainwindow.obj
d:\rtps\rtpsv0.5\rtps\x64\release\reconstructor.obj
d:\rtps\rtpsv0.5\rtps\x64\release\featurematcher.obj
d:\rtps\rtpsv0.5\rtps\x64\release\moc_reconstructor.obj
d:\rtps\rtpsv0.5\rtps\x64\release\vc143.pdb
d:\rtps\rtpsv0.5\rtps\x64\release\featureextractor.obj
d:\rtps\rtpsv0.5\rtps\x64\release\vc143.idb
d:\rtps\rtpsv0.5\rtps\x64\release\model.obj
d:\rtps\rtpsv0.5\build\x64\release\rtps.lib
d:\rtps\rtpsv0.5\build\x64\release\rtps.exp
d:\rtps\rtpsv0.5\build\x64\release\rtps.exe
d:\rtps\rtpsv0.5\build\x64\release\rtps.ilk
d:\rtps\rtpsv0.5\build\x64\release\rtps.pdb
d:\rtps\rtpsv0.5\rtps\x64\release\moc\moc_reconstructor.cpp
d:\rtps\rtpsv0.5\rtps\x64\release\moc\moc_mainwindow.cpp
d:\rtps\rtpsv0.5\rtps\x64\release\rcc\qrc_resource.cpp
d:\rtps\rtpsv0.5\rtps\x64\release\moc\moc_ui.cpp
d:\rtps\rtpsv0.5\rtps\x64\release\moc\moc_receiver.cpp
d:\rtps\rtpsv0.5\rtps\x64\release\moc\moc_imagelistwidget.cpp
d:\rtps\rtpsv0.5\rtps\x64\release\moc\moc_imageviewer.cpp
d:\rtps\rtpsv0.5\build\x64\release\qt5widgets.dll
d:\rtps\rtpsv0.5\build\x64\release\qt5gui.dll
d:\rtps\rtpsv0.5\build\x64\release\plugins\platforms\qwindows.dll
d:\rtps\rtpsv0.5\build\x64\release\plugins\imageformats\qgif.dll
d:\rtps\rtpsv0.5\build\x64\release\qt5core.dll
d:\rtps\rtpsv0.5\build\x64\release\zlib1.dll
d:\rtps\rtpsv0.5\build\x64\release\double-conversion.dll
d:\rtps\rtpsv0.5\build\x64\release\icuin72.dll
d:\rtps\rtpsv0.5\build\x64\release\icuuc72.dll
d:\rtps\rtpsv0.5\build\x64\release\icudt72.dll
d:\rtps\rtpsv0.5\build\x64\release\pcre2-16.dll
d:\rtps\rtpsv0.5\build\x64\release\zstd.dll
d:\rtps\rtpsv0.5\build\x64\release\plugins\imageformats\qicns.dll
d:\rtps\rtpsv0.5\build\x64\release\plugins\imageformats\qico.dll
d:\rtps\rtpsv0.5\build\x64\release\plugins\imageformats\qjp2.dll
d:\rtps\rtpsv0.5\build\x64\release\jasper.dll
d:\rtps\rtpsv0.5\build\x64\release\jpeg62.dll
d:\rtps\rtpsv0.5\build\x64\release\plugins\imageformats\qjpeg.dll
d:\rtps\rtpsv0.5\build\x64\release\plugins\imageformats\qpdf.dll
d:\rtps\rtpsv0.5\build\x64\release\qt5pdf.dll
d:\rtps\rtpsv0.5\build\x64\release\qt5network.dll
d:\rtps\rtpsv0.5\build\x64\release\plugins\bearer\qgenericbearer.dll
d:\rtps\rtpsv0.5\build\x64\release\libcrypto-*-x64.dll
d:\rtps\rtpsv0.5\build\x64\release\libssl-*-x64.dll
d:\rtps\rtpsv0.5\build\x64\release\libcrypto-*.dll
d:\rtps\rtpsv0.5\build\x64\release\libssl-*.dll
d:\rtps\rtpsv0.5\build\x64\release\libssl-3-x64.dll
d:\rtps\rtpsv0.5\build\x64\release\libcrypto-3-x64.dll
d:\rtps\rtpsv0.5\build\x64\release\plugins\imageformats\qsvg.dll
d:\rtps\rtpsv0.5\build\x64\release\qt5svg.dll
d:\rtps\rtpsv0.5\build\x64\release\plugins\imageformats\qtga.dll
d:\rtps\rtpsv0.5\build\x64\release\plugins\imageformats\qtiff.dll
d:\rtps\rtpsv0.5\build\x64\release\tiff.dll
d:\rtps\rtpsv0.5\build\x64\release\liblzma.dll
d:\rtps\rtpsv0.5\build\x64\release\plugins\imageformats\qwbmp.dll
d:\rtps\rtpsv0.5\build\x64\release\plugins\imageformats\qwebp.dll
d:\rtps\rtpsv0.5\build\x64\release\libwebpdemux.dll
d:\rtps\rtpsv0.5\build\x64\release\libwebp.dll
d:\rtps\rtpsv0.5\build\x64\release\libsharpyuv.dll
d:\rtps\rtpsv0.5\build\x64\release\libwebpmux.dll
d:\rtps\rtpsv0.5\build\x64\release\plugins\iconengines\qsvgicon.dll
d:\rtps\rtpsv0.5\build\x64\release\plugins\platforminputcontexts\qtvirtualkeyboardplugin.dll
d:\rtps\rtpsv0.5\build\x64\release\qt5virtualkeyboard.dll
d:\rtps\rtpsv0.5\build\x64\release\qt5quick.dll
d:\rtps\rtpsv0.5\build\x64\release\qt5quickcontrols2.dll
d:\rtps\rtpsv0.5\build\x64\release\qt5quickshapes.dll
d:\rtps\rtpsv0.5\build\x64\release\qt5quicktemplates2.dll
d:\rtps\rtpsv0.5\build\x64\release\qt5qmlworkerscript.dll
d:\rtps\rtpsv0.5\build\x64\release\qt5quickparticles.dll
d:\rtps\rtpsv0.5\build\x64\release\qt5quickwidgets.dll
d:\rtps\rtpsv0.5\build\x64\release\plugins\scenegraph\qsgd3d12backend.dll
d:\rtps\rtpsv0.5\build\x64\release\qt5qml.dll
d:\rtps\rtpsv0.5\build\x64\release\qt5qmlmodels.dll
d:\rtps\rtpsv0.5\build\x64\release\plugins\qmltooling\qmldbg_debugger.dll
d:\rtps\rtpsv0.5\build\x64\release\plugins\qmltooling\qmldbg_inspector.dll
d:\rtps\rtpsv0.5\build\x64\release\plugins\qmltooling\qmldbg_local.dll
d:\rtps\rtpsv0.5\build\x64\release\plugins\qmltooling\qmldbg_messages.dll
d:\rtps\rtpsv0.5\build\x64\release\plugins\qmltooling\qmldbg_native.dll
d:\rtps\rtpsv0.5\build\x64\release\plugins\qmltooling\qmldbg_nativedebugger.dll
d:\rtps\rtpsv0.5\build\x64\release\plugins\qmltooling\qmldbg_preview.dll
d:\rtps\rtpsv0.5\build\x64\release\plugins\qmltooling\qmldbg_profiler.dll
d:\rtps\rtpsv0.5\build\x64\release\plugins\qmltooling\qmldbg_quickprofiler.dll
d:\rtps\rtpsv0.5\build\x64\release\plugins\qmltooling\qmldbg_server.dll
d:\rtps\rtpsv0.5\build\x64\release\plugins\qmltooling\qmldbg_tcp.dll
d:\rtps\rtpsv0.5\build\x64\release\plugins\styles\qwindowsvistastyle.dll
d:\rtps\rtpsv0.5\build\x64\release\libpng16.dll
d:\rtps\rtpsv0.5\build\x64\release\harfbuzz.dll
d:\rtps\rtpsv0.5\build\x64\release\freetype.dll
d:\rtps\rtpsv0.5\build\x64\release\bz2.dll
d:\rtps\rtpsv0.5\build\x64\release\brotlidec.dll
d:\rtps\rtpsv0.5\build\x64\release\brotlicommon.dll
d:\rtps\rtpsv0.5\build\x64\release\boost_filesystem-vc143-mt-x64-1_82.dll
d:\rtps\rtpsv0.5\build\x64\release\boost_program_options-vc143-mt-x64-1_82.dll
d:\rtps\rtpsv0.5\build\x64\release\ceres.dll
d:\rtps\rtpsv0.5\build\x64\release\glog.dll
d:\rtps\rtpsv0.5\build\x64\release\gflags.dll
d:\rtps\rtpsv0.5\build\x64\release\libspqr.dll
d:\rtps\rtpsv0.5\build\x64\release\libcholmod.dll
d:\rtps\rtpsv0.5\build\x64\release\libamd.dll
d:\rtps\rtpsv0.5\build\x64\release\libcamd.dll
d:\rtps\rtpsv0.5\build\x64\release\libcolamd.dll
d:\rtps\rtpsv0.5\build\x64\release\libccolamd.dll
d:\rtps\rtpsv0.5\build\x64\release\liblapack.dll
d:\rtps\rtpsv0.5\build\x64\release\libgcc_s_seh-1.dll
d:\rtps\rtpsv0.5\build\x64\release\libwinpthread-1.dll
d:\rtps\rtpsv0.5\build\x64\release\libgfortran-5.dll
d:\rtps\rtpsv0.5\build\x64\release\libquadmath-0.dll
d:\rtps\rtpsv0.5\build\x64\release\openblas.dll
d:\rtps\rtpsv0.5\build\x64\release\libcxsparse.dll
d:\rtps\rtpsv0.5\build\x64\release\freeimage.dll
d:\rtps\rtpsv0.5\build\x64\release\openjp2.dll
d:\rtps\rtpsv0.5\build\x64\release\libwebpdecoder.dll
d:\rtps\rtpsv0.5\build\x64\release\raw.dll
d:\rtps\rtpsv0.5\build\x64\release\lcms2.dll
d:\rtps\rtpsv0.5\build\x64\release\openexr-3_1.dll
d:\rtps\rtpsv0.5\build\x64\release\imath-3_1.dll
d:\rtps\rtpsv0.5\build\x64\release\ilmthread-3_1.dll
d:\rtps\rtpsv0.5\build\x64\release\iex-3_1.dll
d:\rtps\rtpsv0.5\build\x64\release\glew32.dll
d:\rtps\rtpsv0.5\build\x64\release\lz4.dll
d:\rtps\rtpsv0.5\build\x64\release\sqlite3.dll
d:\rtps\rtpsv0.5\rtps\x64\release\rtps.tlog\cl.command.1.tlog
d:\rtps\rtpsv0.5\rtps\x64\release\rtps.tlog\cl.read.1.tlog
d:\rtps\rtpsv0.5\rtps\x64\release\rtps.tlog\cl.write.1.tlog
d:\rtps\rtpsv0.5\rtps\x64\release\rtps.tlog\link.command.1.tlog
d:\rtps\rtpsv0.5\rtps\x64\release\rtps.tlog\link.read.1.tlog
d:\rtps\rtpsv0.5\rtps\x64\release\rtps.tlog\link.write.1.tlog
d:\rtps\rtpsv0.5\rtps\x64\release\rtps.tlog\link.write.2u.tlog
d:\rtps\rtpsv0.5\rtps\x64\release\rtps.tlog\moc.read.1u.tlog
d:\rtps\rtpsv0.5\rtps\x64\release\rtps.tlog\moc.write.1u.tlog
d:\rtps\rtpsv0.5\rtps\x64\release\rtps.tlog\rcc.read.1u.tlog
d:\rtps\rtpsv0.5\rtps\x64\release\rtps.tlog\rcc.write.1u.tlog
d:\rtps\rtpsv0.5\rtps\x64\release\rtps.tlog\rtps.write.1u.tlog
