
D:\RTPS\RTPSv0.5\build\x64\Release\Qt5Widgets.dll
D:\RTPS\RTPSv0.5\build\x64\Release\Qt5Gui.dll
D:\RTPS\RTPSv0.5\build\x64\Release\plugins\platforms\qwindows.dll
D:\RTPS\RTPSv0.5\build\x64\Release\plugins\imageformats\qgif.dll
D:\RTPS\RTPSv0.5\build\x64\Release\Qt5Core.dll
D:\RTPS\RTPSv0.5\build\x64\Release\zlib1.dll
D:\RTPS\RTPSv0.5\build\x64\Release\double-conversion.dll
D:\RTPS\RTPSv0.5\build\x64\Release\icuin72.dll
D:\RTPS\RTPSv0.5\build\x64\Release\icuuc72.dll
D:\RTPS\RTPSv0.5\build\x64\Release\icudt72.dll
D:\RTPS\RTPSv0.5\build\x64\Release\pcre2-16.dll
D:\RTPS\RTPSv0.5\build\x64\Release\zstd.dll
D:\RTPS\RTPSv0.5\build\x64\Release\plugins\imageformats\qicns.dll
D:\RTPS\RTPSv0.5\build\x64\Release\plugins\imageformats\qico.dll
D:\RTPS\RTPSv0.5\build\x64\Release\plugins\imageformats\qjp2.dll
D:\RTPS\RTPSv0.5\build\x64\Release\jasper.dll
D:\RTPS\RTPSv0.5\build\x64\Release\jpeg62.dll
D:\RTPS\RTPSv0.5\build\x64\Release\plugins\imageformats\qjpeg.dll
D:\RTPS\RTPSv0.5\build\x64\Release\plugins\imageformats\qpdf.dll
D:\RTPS\RTPSv0.5\build\x64\Release\Qt5Pdf.dll
D:\RTPS\RTPSv0.5\build\x64\Release\Qt5Network.dll
D:\RTPS\RTPSv0.5\build\x64\Release\plugins\bearer\qgenericbearer.dll
D:\RTPS\RTPSv0.5\build\x64\Release\libcrypto-*-x64.dll
D:\RTPS\RTPSv0.5\build\x64\Release\libssl-*-x64.dll
D:\RTPS\RTPSv0.5\build\x64\Release\libcrypto-*.dll
D:\RTPS\RTPSv0.5\build\x64\Release\libssl-*.dll
D:\RTPS\RTPSv0.5\build\x64\Release\libssl-3-x64.dll
D:\RTPS\RTPSv0.5\build\x64\Release\libcrypto-3-x64.dll
D:\RTPS\RTPSv0.5\build\x64\Release\plugins\imageformats\qsvg.dll
D:\RTPS\RTPSv0.5\build\x64\Release\Qt5Svg.dll
D:\RTPS\RTPSv0.5\build\x64\Release\plugins\imageformats\qtga.dll
D:\RTPS\RTPSv0.5\build\x64\Release\plugins\imageformats\qtiff.dll
D:\RTPS\RTPSv0.5\build\x64\Release\tiff.dll
D:\RTPS\RTPSv0.5\build\x64\Release\liblzma.dll
D:\RTPS\RTPSv0.5\build\x64\Release\plugins\imageformats\qwbmp.dll
D:\RTPS\RTPSv0.5\build\x64\Release\plugins\imageformats\qwebp.dll
D:\RTPS\RTPSv0.5\build\x64\Release\libwebpdemux.dll
D:\RTPS\RTPSv0.5\build\x64\Release\libwebp.dll
D:\RTPS\RTPSv0.5\build\x64\Release\libsharpyuv.dll
D:\RTPS\RTPSv0.5\build\x64\Release\libwebpmux.dll
D:\RTPS\RTPSv0.5\build\x64\Release\plugins\iconengines\qsvgicon.dll
D:\RTPS\RTPSv0.5\build\x64\Release\plugins\platforminputcontexts\qtvirtualkeyboardplugin.dll
D:\RTPS\RTPSv0.5\build\x64\Release\Qt5VirtualKeyboard.dll
D:\RTPS\RTPSv0.5\build\x64\Release\Qt5Quick.dll
D:\RTPS\RTPSv0.5\build\x64\Release\Qt5QuickControls2.dll
D:\RTPS\RTPSv0.5\build\x64\Release\Qt5QuickShapes.dll
D:\RTPS\RTPSv0.5\build\x64\Release\Qt5QuickTemplates2.dll
D:\RTPS\RTPSv0.5\build\x64\Release\Qt5QmlWorkerScript.dll
D:\RTPS\RTPSv0.5\build\x64\Release\Qt5QuickParticles.dll
D:\RTPS\RTPSv0.5\build\x64\Release\Qt5QuickWidgets.dll
D:\RTPS\RTPSv0.5\build\x64\Release\plugins\scenegraph\qsgd3d12backend.dll
D:\RTPS\RTPSv0.5\build\x64\Release\Qt5Qml.dll
D:\RTPS\RTPSv0.5\build\x64\Release\Qt5Quick.dll
D:\RTPS\RTPSv0.5\build\x64\Release\Qt5QmlModels.dll
D:\RTPS\RTPSv0.5\build\x64\Release\Qt5QuickControls2.dll
D:\RTPS\RTPSv0.5\build\x64\Release\Qt5QuickShapes.dll
D:\RTPS\RTPSv0.5\build\x64\Release\Qt5QuickTemplates2.dll
D:\RTPS\RTPSv0.5\build\x64\Release\Qt5QmlWorkerScript.dll
D:\RTPS\RTPSv0.5\build\x64\Release\Qt5QuickParticles.dll
D:\RTPS\RTPSv0.5\build\x64\Release\Qt5QuickWidgets.dll
D:\RTPS\RTPSv0.5\build\x64\Release\plugins\scenegraph\qsgd3d12backend.dll
D:\RTPS\RTPSv0.5\build\x64\Release\plugins\qmltooling\qmldbg_debugger.dll
D:\RTPS\RTPSv0.5\build\x64\Release\plugins\qmltooling\qmldbg_inspector.dll
D:\RTPS\RTPSv0.5\build\x64\Release\plugins\qmltooling\qmldbg_local.dll
D:\RTPS\RTPSv0.5\build\x64\Release\plugins\qmltooling\qmldbg_messages.dll
D:\RTPS\RTPSv0.5\build\x64\Release\plugins\qmltooling\qmldbg_native.dll
D:\RTPS\RTPSv0.5\build\x64\Release\plugins\qmltooling\qmldbg_nativedebugger.dll
D:\RTPS\RTPSv0.5\build\x64\Release\plugins\qmltooling\qmldbg_preview.dll
D:\RTPS\RTPSv0.5\build\x64\Release\plugins\qmltooling\qmldbg_profiler.dll
D:\RTPS\RTPSv0.5\build\x64\Release\plugins\qmltooling\qmldbg_quickprofiler.dll
D:\RTPS\RTPSv0.5\build\x64\Release\plugins\qmltooling\qmldbg_server.dll
D:\RTPS\RTPSv0.5\build\x64\Release\plugins\qmltooling\qmldbg_tcp.dll
D:\RTPS\RTPSv0.5\build\x64\Release\plugins\qmltooling\qmldbg_debugger.dll
D:\RTPS\RTPSv0.5\build\x64\Release\plugins\qmltooling\qmldbg_inspector.dll
D:\RTPS\RTPSv0.5\build\x64\Release\plugins\qmltooling\qmldbg_local.dll
D:\RTPS\RTPSv0.5\build\x64\Release\plugins\qmltooling\qmldbg_messages.dll
D:\RTPS\RTPSv0.5\build\x64\Release\plugins\qmltooling\qmldbg_native.dll
D:\RTPS\RTPSv0.5\build\x64\Release\plugins\qmltooling\qmldbg_nativedebugger.dll
D:\RTPS\RTPSv0.5\build\x64\Release\plugins\qmltooling\qmldbg_preview.dll
D:\RTPS\RTPSv0.5\build\x64\Release\plugins\qmltooling\qmldbg_profiler.dll
D:\RTPS\RTPSv0.5\build\x64\Release\plugins\qmltooling\qmldbg_quickprofiler.dll
D:\RTPS\RTPSv0.5\build\x64\Release\plugins\qmltooling\qmldbg_server.dll
D:\RTPS\RTPSv0.5\build\x64\Release\plugins\qmltooling\qmldbg_tcp.dll
D:\RTPS\RTPSv0.5\build\x64\Release\Qt5QmlModels.dll
D:\RTPS\RTPSv0.5\build\x64\Release\plugins\styles\qwindowsvistastyle.dll
D:\RTPS\RTPSv0.5\build\x64\Release\libpng16.dll
D:\RTPS\RTPSv0.5\build\x64\Release\harfbuzz.dll
D:\RTPS\RTPSv0.5\build\x64\Release\freetype.dll
D:\RTPS\RTPSv0.5\build\x64\Release\bz2.dll
D:\RTPS\RTPSv0.5\build\x64\Release\brotlidec.dll
D:\RTPS\RTPSv0.5\build\x64\Release\brotlicommon.dll
D:\RTPS\RTPSv0.5\build\x64\Release\Qt5Sql.dll
D:\RTPS\RTPSv0.5\build\x64\Release\plugins\sqldrivers\qsqlite.dll
D:\RTPS\RTPSv0.5\build\x64\Release\sqlite3.dll
D:\RTPS\RTPSv0.5\build\x64\Release\plugins\sqldrivers\qsqlmysql.dll
D:\RTPS\RTPSv0.5\build\x64\Release\libmysql.dll
D:\RTPS\RTPSv0.5\build\x64\Release\plugins\sqldrivers\qsqlodbc.dll
D:\RTPS\RTPSv0.5\build\x64\Release\plugins\sqldrivers\qsqlpsql.dll
D:\RTPS\RTPSv0.5\build\x64\Release\LIBPQ.dll
D:\RTPS\RTPSv0.5\build\x64\Release\boost_filesystem-vc143-mt-x64-1_82.dll
D:\RTPS\RTPSv0.5\build\x64\Release\boost_program_options-vc143-mt-x64-1_82.dll
D:\RTPS\RTPSv0.5\build\x64\Release\ceres.dll
D:\RTPS\RTPSv0.5\build\x64\Release\glog.dll
D:\RTPS\RTPSv0.5\build\x64\Release\gflags.dll
D:\RTPS\RTPSv0.5\build\x64\Release\libspqr.dll
D:\RTPS\RTPSv0.5\build\x64\Release\libcholmod.dll
D:\RTPS\RTPSv0.5\build\x64\Release\libamd.dll
D:\RTPS\RTPSv0.5\build\x64\Release\libcamd.dll
D:\RTPS\RTPSv0.5\build\x64\Release\libcolamd.dll
D:\RTPS\RTPSv0.5\build\x64\Release\libccolamd.dll
D:\RTPS\RTPSv0.5\build\x64\Release\liblapack.dll
D:\RTPS\RTPSv0.5\build\x64\Release\libgcc_s_seh-1.dll
D:\RTPS\RTPSv0.5\build\x64\Release\libwinpthread-1.dll
D:\RTPS\RTPSv0.5\build\x64\Release\libgfortran-5.dll
D:\RTPS\RTPSv0.5\build\x64\Release\libquadmath-0.dll
D:\RTPS\RTPSv0.5\build\x64\Release\openblas.dll
D:\RTPS\RTPSv0.5\build\x64\Release\libcxsparse.dll
D:\RTPS\RTPSv0.5\build\x64\Release\FreeImage.dll
D:\RTPS\RTPSv0.5\build\x64\Release\openjp2.dll
D:\RTPS\RTPSv0.5\build\x64\Release\libwebpdecoder.dll
D:\RTPS\RTPSv0.5\build\x64\Release\raw.dll
D:\RTPS\RTPSv0.5\build\x64\Release\lcms2.dll
D:\RTPS\RTPSv0.5\build\x64\Release\OpenEXR-3_1.dll
D:\RTPS\RTPSv0.5\build\x64\Release\Imath-3_1.dll
D:\RTPS\RTPSv0.5\build\x64\Release\IlmThread-3_1.dll
D:\RTPS\RTPSv0.5\build\x64\Release\Iex-3_1.dll
D:\RTPS\RTPSv0.5\build\x64\Release\glew32.dll
D:\RTPS\RTPSv0.5\build\x64\Release\lz4.dll
