d:\rtps\rtpsv0.5\rtps\x64\gl\moc_imageviewer.obj
d:\rtps\rtpsv0.5\rtps\x64\gl\moc_imagelistwidget.obj
d:\rtps\rtpsv0.5\rtps\x64\gl\moc_database.obj
d:\rtps\rtpsv0.5\rtps\x64\gl\moc_receiver.obj
d:\rtps\rtpsv0.5\rtps\x64\gl\qrc_resource.obj
d:\rtps\rtpsv0.5\rtps\x64\gl\moc_mainwindow.obj
d:\rtps\rtpsv0.5\rtps\x64\gl\moc_ui.obj
d:\rtps\rtpsv0.5\rtps\x64\gl\moc_reconstructor.obj
d:\rtps\rtpsv0.5\rtps\x64\gl\triangulator.obj
d:\rtps\rtpsv0.5\rtps\x64\gl\ui.obj
d:\rtps\rtpsv0.5\rtps\x64\gl\logger.obj
d:\rtps\rtpsv0.5\rtps\x64\gl\featureextractor.obj
d:\rtps\rtpsv0.5\rtps\x64\gl\imageviewer.obj
d:\rtps\rtpsv0.5\rtps\x64\gl\bundleadjuster.obj
d:\rtps\rtpsv0.5\rtps\x64\gl\mainwindow.obj
d:\rtps\rtpsv0.5\rtps\x64\gl\imagelistwidget.obj
d:\rtps\rtpsv0.5\rtps\x64\gl\model.obj
d:\rtps\rtpsv0.5\rtps\x64\gl\main.obj
d:\rtps\rtpsv0.5\rtps\x64\gl\receiver.obj
d:\rtps\rtpsv0.5\rtps\x64\gl\featurematcher.obj
d:\rtps\rtpsv0.5\rtps\x64\gl\database.obj
d:\rtps\rtpsv0.5\rtps\x64\gl\mapper.obj
d:\rtps\rtpsv0.5\rtps\x64\gl\reconstructor.obj
d:\rtps\rtpsv0.5\rtps\x64\gl\vc143.pdb
d:\rtps\rtpsv0.5\build\x64\gl\rtps.exe
d:\rtps\rtpsv0.5\build\x64\gl\rtps.pgd
d:\rtps\rtpsv0.5\rtps\x64\gl\rtps.iobj
d:\rtps\rtpsv0.5\build\x64\gl\rtps.lib
d:\rtps\rtpsv0.5\build\x64\gl\rtps.exp
d:\rtps\rtpsv0.5\rtps\x64\gl\moc\moc_database.cpp
d:\rtps\rtpsv0.5\rtps\x64\gl\moc\moc_reconstructor.cpp
d:\rtps\rtpsv0.5\rtps\x64\gl\moc\moc_ui.cpp
d:\rtps\rtpsv0.5\rtps\x64\gl\moc\moc_receiver.cpp
d:\rtps\rtpsv0.5\rtps\x64\gl\moc\moc_imagelistwidget.cpp
d:\rtps\rtpsv0.5\rtps\x64\gl\moc\moc_imageviewer.cpp
d:\rtps\rtpsv0.5\rtps\x64\gl\moc\moc_mainwindow.cpp
d:\rtps\rtpsv0.5\rtps\x64\gl\rcc\qrc_resource.cpp
d:\rtps\rtpsv0.5\build\x64\gl\qt5widgets.dll
d:\rtps\rtpsv0.5\build\x64\gl\qt5gui.dll
d:\rtps\rtpsv0.5\build\x64\gl\plugins\platforms\qwindows.dll
d:\rtps\rtpsv0.5\build\x64\gl\plugins\imageformats\qgif.dll
d:\rtps\rtpsv0.5\build\x64\gl\qt5core.dll
d:\rtps\rtpsv0.5\build\x64\gl\zlib1.dll
d:\rtps\rtpsv0.5\build\x64\gl\double-conversion.dll
d:\rtps\rtpsv0.5\build\x64\gl\icuin72.dll
d:\rtps\rtpsv0.5\build\x64\gl\icuuc72.dll
d:\rtps\rtpsv0.5\build\x64\gl\icudt72.dll
d:\rtps\rtpsv0.5\build\x64\gl\pcre2-16.dll
d:\rtps\rtpsv0.5\build\x64\gl\zstd.dll
d:\rtps\rtpsv0.5\build\x64\gl\plugins\imageformats\qicns.dll
d:\rtps\rtpsv0.5\build\x64\gl\plugins\imageformats\qico.dll
d:\rtps\rtpsv0.5\build\x64\gl\plugins\imageformats\qjp2.dll
d:\rtps\rtpsv0.5\build\x64\gl\jasper.dll
d:\rtps\rtpsv0.5\build\x64\gl\jpeg62.dll
d:\rtps\rtpsv0.5\build\x64\gl\plugins\imageformats\qjpeg.dll
d:\rtps\rtpsv0.5\build\x64\gl\plugins\imageformats\qpdf.dll
d:\rtps\rtpsv0.5\build\x64\gl\qt5pdf.dll
d:\rtps\rtpsv0.5\build\x64\gl\qt5network.dll
d:\rtps\rtpsv0.5\build\x64\gl\plugins\bearer\qgenericbearer.dll
d:\rtps\rtpsv0.5\build\x64\gl\libcrypto-*-x64.dll
d:\rtps\rtpsv0.5\build\x64\gl\libssl-*-x64.dll
d:\rtps\rtpsv0.5\build\x64\gl\libcrypto-*.dll
d:\rtps\rtpsv0.5\build\x64\gl\libssl-*.dll
d:\rtps\rtpsv0.5\build\x64\gl\libssl-3-x64.dll
d:\rtps\rtpsv0.5\build\x64\gl\libcrypto-3-x64.dll
d:\rtps\rtpsv0.5\build\x64\gl\plugins\imageformats\qsvg.dll
d:\rtps\rtpsv0.5\build\x64\gl\qt5svg.dll
d:\rtps\rtpsv0.5\build\x64\gl\plugins\imageformats\qtga.dll
d:\rtps\rtpsv0.5\build\x64\gl\plugins\imageformats\qtiff.dll
d:\rtps\rtpsv0.5\build\x64\gl\tiff.dll
d:\rtps\rtpsv0.5\build\x64\gl\liblzma.dll
d:\rtps\rtpsv0.5\build\x64\gl\plugins\imageformats\qwbmp.dll
d:\rtps\rtpsv0.5\build\x64\gl\plugins\imageformats\qwebp.dll
d:\rtps\rtpsv0.5\build\x64\gl\libwebpdemux.dll
d:\rtps\rtpsv0.5\build\x64\gl\libwebp.dll
d:\rtps\rtpsv0.5\build\x64\gl\libsharpyuv.dll
d:\rtps\rtpsv0.5\build\x64\gl\libwebpmux.dll
d:\rtps\rtpsv0.5\build\x64\gl\plugins\iconengines\qsvgicon.dll
d:\rtps\rtpsv0.5\build\x64\gl\plugins\platforminputcontexts\qtvirtualkeyboardplugin.dll
d:\rtps\rtpsv0.5\build\x64\gl\qt5virtualkeyboard.dll
d:\rtps\rtpsv0.5\build\x64\gl\qt5quick.dll
d:\rtps\rtpsv0.5\build\x64\gl\qt5quickcontrols2.dll
d:\rtps\rtpsv0.5\build\x64\gl\qt5quickshapes.dll
d:\rtps\rtpsv0.5\build\x64\gl\qt5quicktemplates2.dll
d:\rtps\rtpsv0.5\build\x64\gl\qt5qmlworkerscript.dll
d:\rtps\rtpsv0.5\build\x64\gl\qt5quickparticles.dll
d:\rtps\rtpsv0.5\build\x64\gl\qt5quickwidgets.dll
d:\rtps\rtpsv0.5\build\x64\gl\plugins\scenegraph\qsgd3d12backend.dll
d:\rtps\rtpsv0.5\build\x64\gl\qt5qml.dll
d:\rtps\rtpsv0.5\build\x64\gl\qt5qmlmodels.dll
d:\rtps\rtpsv0.5\build\x64\gl\plugins\qmltooling\qmldbg_debugger.dll
d:\rtps\rtpsv0.5\build\x64\gl\plugins\qmltooling\qmldbg_inspector.dll
d:\rtps\rtpsv0.5\build\x64\gl\plugins\qmltooling\qmldbg_local.dll
d:\rtps\rtpsv0.5\build\x64\gl\plugins\qmltooling\qmldbg_messages.dll
d:\rtps\rtpsv0.5\build\x64\gl\plugins\qmltooling\qmldbg_native.dll
d:\rtps\rtpsv0.5\build\x64\gl\plugins\qmltooling\qmldbg_nativedebugger.dll
d:\rtps\rtpsv0.5\build\x64\gl\plugins\qmltooling\qmldbg_preview.dll
d:\rtps\rtpsv0.5\build\x64\gl\plugins\qmltooling\qmldbg_profiler.dll
d:\rtps\rtpsv0.5\build\x64\gl\plugins\qmltooling\qmldbg_quickprofiler.dll
d:\rtps\rtpsv0.5\build\x64\gl\plugins\qmltooling\qmldbg_server.dll
d:\rtps\rtpsv0.5\build\x64\gl\plugins\qmltooling\qmldbg_tcp.dll
d:\rtps\rtpsv0.5\build\x64\gl\plugins\styles\qwindowsvistastyle.dll
d:\rtps\rtpsv0.5\build\x64\gl\libpng16.dll
d:\rtps\rtpsv0.5\build\x64\gl\harfbuzz.dll
d:\rtps\rtpsv0.5\build\x64\gl\freetype.dll
d:\rtps\rtpsv0.5\build\x64\gl\bz2.dll
d:\rtps\rtpsv0.5\build\x64\gl\brotlidec.dll
d:\rtps\rtpsv0.5\build\x64\gl\brotlicommon.dll
d:\rtps\rtpsv0.5\build\x64\gl\qt5sql.dll
d:\rtps\rtpsv0.5\build\x64\gl\plugins\sqldrivers\qsqlite.dll
d:\rtps\rtpsv0.5\build\x64\gl\sqlite3.dll
d:\rtps\rtpsv0.5\build\x64\gl\plugins\sqldrivers\qsqlmysql.dll
d:\rtps\rtpsv0.5\build\x64\gl\libmysql.dll
d:\rtps\rtpsv0.5\build\x64\gl\plugins\sqldrivers\qsqlodbc.dll
d:\rtps\rtpsv0.5\build\x64\gl\plugins\sqldrivers\qsqlpsql.dll
d:\rtps\rtpsv0.5\build\x64\gl\libpq.dll
d:\rtps\rtpsv0.5\build\x64\gl\boost_filesystem-vc143-mt-x64-1_82.dll
d:\rtps\rtpsv0.5\build\x64\gl\boost_program_options-vc143-mt-x64-1_82.dll
d:\rtps\rtpsv0.5\build\x64\gl\ceres.dll
d:\rtps\rtpsv0.5\build\x64\gl\glog.dll
d:\rtps\rtpsv0.5\build\x64\gl\gflags.dll
d:\rtps\rtpsv0.5\build\x64\gl\libspqr.dll
d:\rtps\rtpsv0.5\build\x64\gl\libcholmod.dll
d:\rtps\rtpsv0.5\build\x64\gl\libamd.dll
d:\rtps\rtpsv0.5\build\x64\gl\libcamd.dll
d:\rtps\rtpsv0.5\build\x64\gl\libcolamd.dll
d:\rtps\rtpsv0.5\build\x64\gl\libccolamd.dll
d:\rtps\rtpsv0.5\build\x64\gl\liblapack.dll
d:\rtps\rtpsv0.5\build\x64\gl\libgcc_s_seh-1.dll
d:\rtps\rtpsv0.5\build\x64\gl\libwinpthread-1.dll
d:\rtps\rtpsv0.5\build\x64\gl\libgfortran-5.dll
d:\rtps\rtpsv0.5\build\x64\gl\libquadmath-0.dll
d:\rtps\rtpsv0.5\build\x64\gl\openblas.dll
d:\rtps\rtpsv0.5\build\x64\gl\libcxsparse.dll
d:\rtps\rtpsv0.5\build\x64\gl\freeimage.dll
d:\rtps\rtpsv0.5\build\x64\gl\openjp2.dll
d:\rtps\rtpsv0.5\build\x64\gl\libwebpdecoder.dll
d:\rtps\rtpsv0.5\build\x64\gl\raw.dll
d:\rtps\rtpsv0.5\build\x64\gl\lcms2.dll
d:\rtps\rtpsv0.5\build\x64\gl\openexr-3_1.dll
d:\rtps\rtpsv0.5\build\x64\gl\imath-3_1.dll
d:\rtps\rtpsv0.5\build\x64\gl\ilmthread-3_1.dll
d:\rtps\rtpsv0.5\build\x64\gl\iex-3_1.dll
d:\rtps\rtpsv0.5\build\x64\gl\glew32.dll
d:\rtps\rtpsv0.5\build\x64\gl\lz4.dll
d:\rtps\rtpsv0.5\rtps\x64\gl\rtps.tlog\cl.10988.write.1.tlog
d:\rtps\rtpsv0.5\rtps\x64\gl\rtps.tlog\cl.command.1.tlog
d:\rtps\rtpsv0.5\rtps\x64\gl\rtps.tlog\cl.read.1.tlog
d:\rtps\rtpsv0.5\rtps\x64\gl\rtps.tlog\link.command.1.tlog
d:\rtps\rtpsv0.5\rtps\x64\gl\rtps.tlog\link.read.1.tlog
d:\rtps\rtpsv0.5\rtps\x64\gl\rtps.tlog\link.write.1.tlog
d:\rtps\rtpsv0.5\rtps\x64\gl\rtps.tlog\link.write.2u.tlog
d:\rtps\rtpsv0.5\rtps\x64\gl\rtps.tlog\moc.read.1u.tlog
d:\rtps\rtpsv0.5\rtps\x64\gl\rtps.tlog\moc.write.1u.tlog
d:\rtps\rtpsv0.5\rtps\x64\gl\rtps.tlog\rcc.read.1u.tlog
d:\rtps\rtpsv0.5\rtps\x64\gl\rtps.tlog\rcc.write.1u.tlog
d:\rtps\rtpsv0.5\rtps\x64\gl\rtps.tlog\rtps.write.1u.tlog
