
D:\RTPS\RTPSv0.5\build\x64\GL\Qt5Widgets.dll
D:\RTPS\RTPSv0.5\build\x64\GL\Qt5Gui.dll
D:\RTPS\RTPSv0.5\build\x64\GL\plugins\platforms\qwindows.dll
D:\RTPS\RTPSv0.5\build\x64\GL\plugins\imageformats\qgif.dll
D:\RTPS\RTPSv0.5\build\x64\GL\Qt5Core.dll
D:\RTPS\RTPSv0.5\build\x64\GL\zlib1.dll
D:\RTPS\RTPSv0.5\build\x64\GL\double-conversion.dll
D:\RTPS\RTPSv0.5\build\x64\GL\icuin72.dll
D:\RTPS\RTPSv0.5\build\x64\GL\icuuc72.dll
D:\RTPS\RTPSv0.5\build\x64\GL\icudt72.dll
D:\RTPS\RTPSv0.5\build\x64\GL\pcre2-16.dll
D:\RTPS\RTPSv0.5\build\x64\GL\zstd.dll
D:\RTPS\RTPSv0.5\build\x64\GL\plugins\imageformats\qicns.dll
D:\RTPS\RTPSv0.5\build\x64\GL\plugins\imageformats\qico.dll
D:\RTPS\RTPSv0.5\build\x64\GL\plugins\imageformats\qjp2.dll
D:\RTPS\RTPSv0.5\build\x64\GL\jasper.dll
D:\RTPS\RTPSv0.5\build\x64\GL\jpeg62.dll
D:\RTPS\RTPSv0.5\build\x64\GL\plugins\imageformats\qjpeg.dll
D:\RTPS\RTPSv0.5\build\x64\GL\plugins\imageformats\qpdf.dll
D:\RTPS\RTPSv0.5\build\x64\GL\Qt5Pdf.dll
D:\RTPS\RTPSv0.5\build\x64\GL\Qt5Network.dll
D:\RTPS\RTPSv0.5\build\x64\GL\plugins\bearer\qgenericbearer.dll
D:\RTPS\RTPSv0.5\build\x64\GL\libcrypto-*-x64.dll
D:\RTPS\RTPSv0.5\build\x64\GL\libssl-*-x64.dll
D:\RTPS\RTPSv0.5\build\x64\GL\libcrypto-*.dll
D:\RTPS\RTPSv0.5\build\x64\GL\libssl-*.dll
D:\RTPS\RTPSv0.5\build\x64\GL\libssl-3-x64.dll
D:\RTPS\RTPSv0.5\build\x64\GL\libcrypto-3-x64.dll
D:\RTPS\RTPSv0.5\build\x64\GL\plugins\imageformats\qsvg.dll
D:\RTPS\RTPSv0.5\build\x64\GL\Qt5Svg.dll
D:\RTPS\RTPSv0.5\build\x64\GL\plugins\imageformats\qtga.dll
D:\RTPS\RTPSv0.5\build\x64\GL\plugins\imageformats\qtiff.dll
D:\RTPS\RTPSv0.5\build\x64\GL\tiff.dll
D:\RTPS\RTPSv0.5\build\x64\GL\liblzma.dll
D:\RTPS\RTPSv0.5\build\x64\GL\plugins\imageformats\qwbmp.dll
D:\RTPS\RTPSv0.5\build\x64\GL\plugins\imageformats\qwebp.dll
D:\RTPS\RTPSv0.5\build\x64\GL\libwebpdemux.dll
D:\RTPS\RTPSv0.5\build\x64\GL\libwebp.dll
D:\RTPS\RTPSv0.5\build\x64\GL\libsharpyuv.dll
D:\RTPS\RTPSv0.5\build\x64\GL\libwebpmux.dll
D:\RTPS\RTPSv0.5\build\x64\GL\plugins\iconengines\qsvgicon.dll
D:\RTPS\RTPSv0.5\build\x64\GL\plugins\platforminputcontexts\qtvirtualkeyboardplugin.dll
D:\RTPS\RTPSv0.5\build\x64\GL\Qt5VirtualKeyboard.dll
D:\RTPS\RTPSv0.5\build\x64\GL\Qt5Quick.dll
D:\RTPS\RTPSv0.5\build\x64\GL\Qt5QuickControls2.dll
D:\RTPS\RTPSv0.5\build\x64\GL\Qt5QuickShapes.dll
D:\RTPS\RTPSv0.5\build\x64\GL\Qt5QuickTemplates2.dll
D:\RTPS\RTPSv0.5\build\x64\GL\Qt5QmlWorkerScript.dll
D:\RTPS\RTPSv0.5\build\x64\GL\Qt5QuickParticles.dll
D:\RTPS\RTPSv0.5\build\x64\GL\Qt5QuickWidgets.dll
D:\RTPS\RTPSv0.5\build\x64\GL\plugins\scenegraph\qsgd3d12backend.dll
D:\RTPS\RTPSv0.5\build\x64\GL\Qt5Qml.dll
D:\RTPS\RTPSv0.5\build\x64\GL\Qt5Quick.dll
D:\RTPS\RTPSv0.5\build\x64\GL\Qt5QmlModels.dll
D:\RTPS\RTPSv0.5\build\x64\GL\Qt5QuickControls2.dll
D:\RTPS\RTPSv0.5\build\x64\GL\Qt5QuickShapes.dll
D:\RTPS\RTPSv0.5\build\x64\GL\Qt5QuickTemplates2.dll
D:\RTPS\RTPSv0.5\build\x64\GL\Qt5QmlWorkerScript.dll
D:\RTPS\RTPSv0.5\build\x64\GL\Qt5QuickParticles.dll
D:\RTPS\RTPSv0.5\build\x64\GL\Qt5QuickWidgets.dll
D:\RTPS\RTPSv0.5\build\x64\GL\plugins\scenegraph\qsgd3d12backend.dll
D:\RTPS\RTPSv0.5\build\x64\GL\plugins\qmltooling\qmldbg_debugger.dll
D:\RTPS\RTPSv0.5\build\x64\GL\plugins\qmltooling\qmldbg_inspector.dll
D:\RTPS\RTPSv0.5\build\x64\GL\plugins\qmltooling\qmldbg_local.dll
D:\RTPS\RTPSv0.5\build\x64\GL\plugins\qmltooling\qmldbg_messages.dll
D:\RTPS\RTPSv0.5\build\x64\GL\plugins\qmltooling\qmldbg_native.dll
D:\RTPS\RTPSv0.5\build\x64\GL\plugins\qmltooling\qmldbg_nativedebugger.dll
D:\RTPS\RTPSv0.5\build\x64\GL\plugins\qmltooling\qmldbg_preview.dll
D:\RTPS\RTPSv0.5\build\x64\GL\plugins\qmltooling\qmldbg_profiler.dll
D:\RTPS\RTPSv0.5\build\x64\GL\plugins\qmltooling\qmldbg_quickprofiler.dll
D:\RTPS\RTPSv0.5\build\x64\GL\plugins\qmltooling\qmldbg_server.dll
D:\RTPS\RTPSv0.5\build\x64\GL\plugins\qmltooling\qmldbg_tcp.dll
D:\RTPS\RTPSv0.5\build\x64\GL\plugins\qmltooling\qmldbg_debugger.dll
D:\RTPS\RTPSv0.5\build\x64\GL\plugins\qmltooling\qmldbg_inspector.dll
D:\RTPS\RTPSv0.5\build\x64\GL\plugins\qmltooling\qmldbg_local.dll
D:\RTPS\RTPSv0.5\build\x64\GL\plugins\qmltooling\qmldbg_messages.dll
D:\RTPS\RTPSv0.5\build\x64\GL\plugins\qmltooling\qmldbg_native.dll
D:\RTPS\RTPSv0.5\build\x64\GL\plugins\qmltooling\qmldbg_nativedebugger.dll
D:\RTPS\RTPSv0.5\build\x64\GL\plugins\qmltooling\qmldbg_preview.dll
D:\RTPS\RTPSv0.5\build\x64\GL\plugins\qmltooling\qmldbg_profiler.dll
D:\RTPS\RTPSv0.5\build\x64\GL\plugins\qmltooling\qmldbg_quickprofiler.dll
D:\RTPS\RTPSv0.5\build\x64\GL\plugins\qmltooling\qmldbg_server.dll
D:\RTPS\RTPSv0.5\build\x64\GL\plugins\qmltooling\qmldbg_tcp.dll
D:\RTPS\RTPSv0.5\build\x64\GL\Qt5QmlModels.dll
D:\RTPS\RTPSv0.5\build\x64\GL\plugins\styles\qwindowsvistastyle.dll
D:\RTPS\RTPSv0.5\build\x64\GL\libpng16.dll
D:\RTPS\RTPSv0.5\build\x64\GL\harfbuzz.dll
D:\RTPS\RTPSv0.5\build\x64\GL\freetype.dll
D:\RTPS\RTPSv0.5\build\x64\GL\bz2.dll
D:\RTPS\RTPSv0.5\build\x64\GL\brotlidec.dll
D:\RTPS\RTPSv0.5\build\x64\GL\brotlicommon.dll
D:\RTPS\RTPSv0.5\build\x64\GL\Qt5Sql.dll
D:\RTPS\RTPSv0.5\build\x64\GL\plugins\sqldrivers\qsqlite.dll
D:\RTPS\RTPSv0.5\build\x64\GL\sqlite3.dll
D:\RTPS\RTPSv0.5\build\x64\GL\plugins\sqldrivers\qsqlmysql.dll
D:\RTPS\RTPSv0.5\build\x64\GL\libmysql.dll
D:\RTPS\RTPSv0.5\build\x64\GL\plugins\sqldrivers\qsqlodbc.dll
D:\RTPS\RTPSv0.5\build\x64\GL\plugins\sqldrivers\qsqlpsql.dll
D:\RTPS\RTPSv0.5\build\x64\GL\LIBPQ.dll
D:\RTPS\RTPSv0.5\build\x64\GL\boost_filesystem-vc143-mt-x64-1_82.dll
D:\RTPS\RTPSv0.5\build\x64\GL\boost_program_options-vc143-mt-x64-1_82.dll
D:\RTPS\RTPSv0.5\build\x64\GL\ceres.dll
D:\RTPS\RTPSv0.5\build\x64\GL\glog.dll
D:\RTPS\RTPSv0.5\build\x64\GL\gflags.dll
D:\RTPS\RTPSv0.5\build\x64\GL\libspqr.dll
D:\RTPS\RTPSv0.5\build\x64\GL\libcholmod.dll
D:\RTPS\RTPSv0.5\build\x64\GL\libamd.dll
D:\RTPS\RTPSv0.5\build\x64\GL\libcamd.dll
D:\RTPS\RTPSv0.5\build\x64\GL\libcolamd.dll
D:\RTPS\RTPSv0.5\build\x64\GL\libccolamd.dll
D:\RTPS\RTPSv0.5\build\x64\GL\liblapack.dll
D:\RTPS\RTPSv0.5\build\x64\GL\libgcc_s_seh-1.dll
D:\RTPS\RTPSv0.5\build\x64\GL\libwinpthread-1.dll
D:\RTPS\RTPSv0.5\build\x64\GL\libgfortran-5.dll
D:\RTPS\RTPSv0.5\build\x64\GL\libquadmath-0.dll
D:\RTPS\RTPSv0.5\build\x64\GL\openblas.dll
D:\RTPS\RTPSv0.5\build\x64\GL\libcxsparse.dll
D:\RTPS\RTPSv0.5\build\x64\GL\FreeImage.dll
D:\RTPS\RTPSv0.5\build\x64\GL\openjp2.dll
D:\RTPS\RTPSv0.5\build\x64\GL\libwebpdecoder.dll
D:\RTPS\RTPSv0.5\build\x64\GL\raw.dll
D:\RTPS\RTPSv0.5\build\x64\GL\lcms2.dll
D:\RTPS\RTPSv0.5\build\x64\GL\OpenEXR-3_1.dll
D:\RTPS\RTPSv0.5\build\x64\GL\Imath-3_1.dll
D:\RTPS\RTPSv0.5\build\x64\GL\IlmThread-3_1.dll
D:\RTPS\RTPSv0.5\build\x64\GL\Iex-3_1.dll
D:\RTPS\RTPSv0.5\build\x64\GL\glew32.dll
D:\RTPS\RTPSv0.5\build\x64\GL\lz4.dll
