d:\rtps\rtpsv0.5\build\cmakefiles\generate.stamp
d:\rtps\rtpsv0.5\build\3rdparty\colmap\cmakefiles\generate.stamp
d:\rtps\rtpsv0.5\build\3rdparty\colmap\lib\cmakefiles\generate.stamp
d:\rtps\rtpsv0.5\build\3rdparty\colmap\lib\lsd\cmakefiles\generate.stamp
d:\rtps\rtpsv0.5\build\3rdparty\colmap\lib\poissonrecon\cmakefiles\generate.stamp
d:\rtps\rtpsv0.5\build\3rdparty\colmap\lib\siftgpu\cmakefiles\generate.stamp
d:\rtps\rtpsv0.5\build\3rdparty\colmap\lib\vlfeat\cmakefiles\generate.stamp
d:\rtps\rtpsv0.5\build\3rdparty\colmap\src\cmakefiles\generate.stamp
d:\rtps\rtpsv0.5\build\3rdparty\colmap\src\base\cmakefiles\generate.stamp
d:\rtps\rtpsv0.5\build\3rdparty\colmap\src\controllers\cmakefiles\generate.stamp
d:\rtps\rtpsv0.5\build\3rdparty\colmap\src\estimators\cmakefiles\generate.stamp
d:\rtps\rtpsv0.5\build\3rdparty\colmap\src\exe\cmakefiles\generate.stamp
d:\rtps\rtpsv0.5\build\3rdparty\colmap\src\feature\cmakefiles\generate.stamp
d:\rtps\rtpsv0.5\build\3rdparty\colmap\src\mvs\cmakefiles\generate.stamp
d:\rtps\rtpsv0.5\build\3rdparty\colmap\src\optim\cmakefiles\generate.stamp
d:\rtps\rtpsv0.5\build\3rdparty\colmap\src\retrieval\cmakefiles\generate.stamp
d:\rtps\rtpsv0.5\build\3rdparty\colmap\src\sfm\cmakefiles\generate.stamp
d:\rtps\rtpsv0.5\build\3rdparty\colmap\src\tools\cmakefiles\generate.stamp
d:\rtps\rtpsv0.5\build\3rdparty\colmap\src\util\cmakefiles\generate.stamp
d:\rtps\rtpsv0.5\build\3rdparty\colmap\src\ui\cmakefiles\generate.stamp
d:\rtps\rtpsv0.5\build\x64\debug\zero_check\zero_check.tlog\custombuild.command.1.tlog
d:\rtps\rtpsv0.5\build\x64\debug\zero_check\zero_check.tlog\custombuild.read.1.tlog
d:\rtps\rtpsv0.5\build\x64\debug\zero_check\zero_check.tlog\custombuild.write.1.tlog
